\BOOKMARK [1][-]{section.1}{\376\377\000A\000G\000V\170\024\172\166\217\333\134\125}{}% 1
\BOOKMARK [2][-]{subsection.1.1}{\376\377\000A\000G\000V\166\204\133\374\202\052\377\010\000N\000a\000v\000i\000g\000a\000t\000i\000o\000n\377\011}{section.1}% 2
\BOOKMARK [2][-]{subsection.1.2}{\376\377\000A\000G\000V\166\204\133\374\137\025\143\247\122\066\377\010\000G\000u\000i\000d\000a\000n\000c\000e\377\011}{section.1}% 3
\BOOKMARK [2][-]{subsection.1.3}{\376\377\000A\000G\000V\166\204\215\357\137\204\211\304\122\022\377\010\000L\000a\000y\000o\000u\000t\000\040\000d\000e\000s\000i\000g\000n\000i\000n\000g\377\011}{section.1}% 4
\BOOKMARK [1][-]{section.2}{\376\377\135\345\172\013\122\006\211\343\000:\170\154\116\366\220\350\122\006}{}% 5
\BOOKMARK [2][-]{subsection.2.1}{\376\377\000A\000G\000V\136\225\166\330}{section.2}% 6
\BOOKMARK [2][-]{subsection.2.2}{\376\377\000L\000i\000D\000A\000R\117\040\141\037\126\150}{section.2}% 7
\BOOKMARK [2][-]{subsection.2.3}{\376\377\000R\000G\000B\000D\117\040\141\037\126\150}{section.2}% 8
\BOOKMARK [1][-]{section.3}{\376\377\135\345\172\013\122\006\211\343\000:\217\157\116\366\220\350\122\006}{}% 9
\BOOKMARK [2][-]{subsection.3.1}{\376\377\000S\000L\000A\000M\173\227\154\325\143\317\217\360}{section.3}% 10
\BOOKMARK [3][-]{subsubsection.3.1.1}{\376\377\000S\000L\000A\000M\133\232\116\111}{subsection.3.1}% 11
\BOOKMARK [3][-]{subsubsection.3.1.2}{\376\377\157\300\121\111\226\367\217\276\000:\000G\000M\000A\000P\000P\000I\000N\000G}{subsection.3.1}% 12
\BOOKMARK [3][-]{subsubsection.3.1.3}{\376\377\172\000\165\217\154\325\000:\000O\000R\000B\000-\000S\000L\000A\000M\0002}{subsection.3.1}% 13
\BOOKMARK [3][-]{subsubsection.3.1.4}{\376\377\131\032\117\040\141\037\126\150\207\215\124\010\000:\000V\000I\000N\000S\000-\000M\000o\000n\000o}{subsection.3.1}% 14
\BOOKMARK [2][-]{subsection.3.2}{\376\377\215\357\137\204\211\304\122\022\173\227\154\325\143\317\217\360}{section.3}% 15
\BOOKMARK [3][-]{subsubsection.3.2.1}{\376\377\140\073\117\123\151\202\217\360}{subsection.3.2}% 16
\BOOKMARK [3][-]{subsubsection.3.2.2}{\376\377\116\343\116\367\127\060\126\376\166\204\136\372\172\313}{subsection.3.2}% 17
\BOOKMARK [3][-]{subsubsection.3.2.3}{\376\377\116\343\116\367\127\060\126\376\166\204\146\364\145\260}{subsection.3.2}% 18
\BOOKMARK [3][-]{subsubsection.3.2.4}{\376\377\121\150\134\100\215\357\137\204\211\304\122\022\377\032\000D\000i\000j\000s\000k\000r\000a}{subsection.3.2}% 19
\BOOKMARK [3][-]{subsubsection.3.2.5}{\376\377\121\150\134\100\215\357\137\204\211\304\122\022\377\032\000R\000R\000T\000*\166\204\145\071\217\333\145\271\154\325}{subsection.3.2}% 20
\BOOKMARK [2][-]{subsection.3.3}{\376\377\000A\000G\000V\131\377\140\001\143\247\122\066\173\227\154\325\143\317\217\360}{section.3}% 21
\BOOKMARK [2][-]{subsection.3.4}{\376\377\127\372\116\216\000R\000G\000B\000D\166\204\162\151\117\123\213\306\122\053\116\016\133\232\117\115\173\227\154\325\143\317\217\360}{section.3}% 22
\BOOKMARK [2][-]{subsection.3.5}{\376\377\127\372\116\216\000W\000e\000b\124\214\000M\000y\000S\000Q\000L\166\204\143\247\122\066\176\310\172\357\143\317\217\360}{section.3}% 23
\BOOKMARK [3][-]{subsubsection.3.5.1}{\376\377\147\072\126\150\116\272\116\016\147\015\122\241\126\150\166\204\220\032\117\341}{subsection.3.5}% 24
\BOOKMARK [3][-]{subsubsection.3.5.2}{\376\377\177\121\230\165\116\016\147\015\122\241\126\150\220\032\117\341}{subsection.3.5}% 25
\BOOKMARK [1][-]{section.4}{\376\377\133\236\232\214\220\350\122\006}{}% 26
\BOOKMARK [2][-]{subsection.4.1}{\376\377\000G\000U\000I\143\247\122\066\172\013\136\217\157\024\171\072}{section.4}% 27
\BOOKMARK [2][-]{subsection.4.2}{\376\377\116\377\167\037\152\041\127\213\147\204\136\372}{section.4}% 28
\BOOKMARK [2][-]{subsection.4.3}{\376\377\155\101\172\013\126\376}{section.4}% 29
\BOOKMARK [2][-]{subsection.4.4}{\376\377\217\320\210\114\140\305\121\265}{section.4}% 30
\BOOKMARK [1][-]{subsection.4.4}{\376\377\123\302\200\003\145\207\163\056}{}% 31
