\BOOKMARK [1][-]{section.1}{\376\377\173\200\116\313}{}% 1
\BOOKMARK [2][-]{subsection.1.1}{\376\377\000A\000G\000V\166\204\133\374\202\052\377\010\000N\000a\000v\000i\000g\000a\000t\000i\000o\000n\377\011}{section.1}% 2
\BOOKMARK [2][-]{subsection.1.2}{\376\377\000A\000G\000V\166\204\131\377\140\001\143\247\122\066\377\010\000S\000t\000e\000e\000r\000i\000n\000g\000\040\000c\000o\000n\000t\000r\000o\000l\377\011}{section.1}% 3
\BOOKMARK [1][-]{section.2}{\376\377\133\374\202\052\220\350\122\006}{}% 4
\BOOKMARK [2][-]{subsection.2.1}{\376\377\000S\000L\000A\000M\173\227\154\325\143\317\217\360}{section.2}% 5
\BOOKMARK [3][-]{subsubsection.2.1.1}{\376\377\000S\000L\000A\000M\133\232\116\111}{subsection.2.1}% 6
\BOOKMARK [3][-]{subsubsection.2.1.2}{\376\377\157\300\121\111\226\367\217\276\000:\000G\000M\000A\000P\000P\000I\000N\000G}{subsection.2.1}% 7
\BOOKMARK [3][-]{subsubsection.2.1.3}{\376\377\172\000\165\217\154\325\000:\000O\000R\000B\000-\000S\000L\000A\000M\0002}{subsection.2.1}% 8
\BOOKMARK [3][-]{subsubsection.2.1.4}{\376\377\131\032\117\040\141\037\126\150\207\215\124\010\000:\000V\000I\000N\000S\000-\000M\000o\000n\000o}{subsection.2.1}% 9
\BOOKMARK [2][-]{subsection.2.2}{\376\377\215\357\137\204\211\304\122\022\173\227\154\325\143\317\217\360}{section.2}% 10
\BOOKMARK [3][-]{subsubsection.2.2.1}{\376\377\140\073\117\123\151\202\217\360}{subsection.2.2}% 11
\BOOKMARK [3][-]{subsubsection.2.2.2}{\376\377\116\343\116\367\127\060\126\376\166\204\136\372\172\313}{subsection.2.2}% 12
\BOOKMARK [3][-]{subsubsection.2.2.3}{\376\377\116\343\116\367\127\060\126\376\166\204\146\364\145\260}{subsection.2.2}% 13
\BOOKMARK [3][-]{subsubsection.2.2.4}{\376\377\121\150\134\100\215\357\137\204\211\304\122\022\377\032\000D\000i\000j\000s\000k\000r\000a}{subsection.2.2}% 14
\BOOKMARK [3][-]{subsubsection.2.2.5}{\376\377\121\150\134\100\215\357\137\204\211\304\122\022\377\032\000R\000R\000T\000*\166\204\145\071\217\333\145\271\154\325}{subsection.2.2}% 15
\BOOKMARK [1][-]{section.3}{\376\377\143\247\122\066\220\350\122\006}{}% 16
\BOOKMARK [2][-]{subsubsection.3.0.1}{\376\377\000A\000G\000V\131\377\140\001\143\247\122\066}{section.3}% 17
\BOOKMARK [3][-]{subsubsection.3.0.2}{\376\377\000A\000G\000V\166\204\217\320\122\250\133\146\122\006\147\220}{subsubsection.3.0.1}% 18
\BOOKMARK [3][-]{subsubsection.3.0.3}{\376\377\000A\000G\000V\131\377\140\001\143\247\122\066\173\227\154\325}{subsubsection.3.0.1}% 19
\BOOKMARK [1][-]{section.4}{\376\377\133\236\232\214\220\350\122\006}{}% 20
\BOOKMARK [2][-]{subsection.4.1}{\376\377\000G\000U\000I\143\247\122\066\172\013\136\217\157\024\171\072}{section.4}% 21
\BOOKMARK [2][-]{subsection.4.2}{\376\377\116\377\167\037\152\041\127\213\147\204\136\372}{section.4}% 22
\BOOKMARK [2][-]{subsection.4.3}{\376\377\155\101\172\013\126\376}{section.4}% 23
\BOOKMARK [2][-]{subsection.4.4}{\376\377\217\320\210\114\140\305\121\265}{section.4}% 24
\BOOKMARK [1][-]{subsection.4.4}{\376\377\123\302\200\003\145\207\163\056}{}% 25
